TN:
SF:src/modules/users/useCases/AuthenticateUserUseCase.ts
FN:25,AuthenticateUserUseCase
FN:34,Object.<anonymous>.AuthenticateUserUseCase.execute
FNF:2
FNH:2
FNDA:3,AuthenticateUserUseCase
FNDA:3,Object.<anonymous>.AuthenticateUserUseCase.execute
DA:1,1
DA:2,1
DA:3,1
DA:4,1
DA:5,1
DA:6,1
DA:7,1
DA:8,1
DA:9,1
DA:10,1
DA:11,1
DA:12,1
DA:13,1
DA:14,1
DA:15,1
DA:16,1
DA:17,1
DA:18,1
DA:19,1
DA:20,1
DA:21,1
DA:22,1
DA:23,1
DA:24,1
DA:25,1
DA:26,3
DA:27,3
DA:28,3
DA:29,3
DA:30,3
DA:31,3
DA:32,3
DA:33,1
DA:34,1
DA:35,3
DA:36,3
DA:37,3
DA:38,3
DA:39,3
DA:40,3
DA:41,3
DA:42,3
DA:43,3
DA:44,3
DA:45,1
DA:46,1
DA:47,2
DA:48,2
DA:49,3
DA:50,3
DA:51,1
DA:52,1
DA:53,1
DA:54,1
DA:55,1
DA:56,1
DA:57,1
DA:58,1
DA:59,1
DA:60,1
DA:61,1
DA:62,1
DA:63,1
DA:64,1
DA:65,1
DA:66,1
DA:67,1
DA:68,1
DA:69,1
DA:70,1
DA:71,1
DA:72,1
DA:73,3
DA:74,3
DA:75,3
DA:76,3
DA:77,3
DA:78,3
DA:79,3
DA:80,3
DA:81,3
DA:82,1
DA:83,1
DA:84,1
LF:84
LH:84
BRDA:24,0,0,1
BRDA:25,1,0,3
BRDA:34,2,0,3
BRDA:35,3,0,3
BRDA:44,4,0,1
BRDA:47,5,0,2
BRDA:50,6,0,1
BRF:7
BRH:7
end_of_record
TN:
SF:src/modules/users/useCases/CreateUserUseCase.ts
FN:11,CreateUserUseCase
FN:16,Object.<anonymous>.CreateUserUseCase.execute
FNF:2
FNH:2
FNDA:6,CreateUserUseCase
FNDA:9,Object.<anonymous>.CreateUserUseCase.execute
DA:1,1
DA:2,1
DA:3,1
DA:4,1
DA:5,1
DA:6,1
DA:7,1
DA:8,1
DA:9,1
DA:10,3
DA:11,3
DA:12,6
DA:13,6
DA:14,6
DA:15,3
DA:16,3
DA:17,9
DA:18,9
DA:19,9
DA:20,9
DA:21,9
DA:22,1
DA:23,1
DA:24,8
DA:25,9
DA:26,3
DA:27,3
DA:28,5
DA:29,5
DA:30,5
DA:31,9
DA:32,9
DA:33,9
DA:34,9
DA:35,9
DA:36,9
DA:37,9
DA:38,9
DA:39,9
DA:40,9
DA:41,9
DA:42,3
DA:43,1
DA:44,1
LF:44
LH:44
BRDA:10,0,0,3
BRDA:11,1,0,6
BRDA:16,2,0,9
BRDA:17,3,0,9
BRDA:21,4,0,1
BRDA:24,5,0,8
BRDA:25,6,0,7
BRDA:25,7,0,6
BRDA:25,8,0,3
BRDA:28,9,0,5
BRF:10
BRH:10
end_of_record
TN:
SF:src/modules/users/useCases/ListUsersUseCase.ts
FN:8,ListUsersUseCase
FN:13,Object.<anonymous>.ListUsersUseCase.execute
FNF:2
FNH:2
FNDA:2,ListUsersUseCase
FNDA:2,Object.<anonymous>.ListUsersUseCase.execute
DA:1,1
DA:2,1
DA:3,1
DA:4,1
DA:5,1
DA:6,1
DA:7,1
DA:8,1
DA:9,2
DA:10,2
DA:11,2
DA:12,1
DA:13,1
DA:14,2
DA:15,2
DA:16,2
DA:17,2
DA:18,1
DA:19,1
DA:20,1
LF:20
LH:20
BRDA:7,0,0,1
BRDA:8,1,0,2
BRDA:13,2,0,2
BRF:3
BRH:3
end_of_record
TN:
SF:src/modules/users/useCases/RefreshTokenUseCase.ts
FN:21,RefreshTokenUseCase
FN:27,Object.<anonymous>.RefreshTokenUseCase.execute
FNF:2
FNH:2
FNDA:3,RefreshTokenUseCase
FNDA:3,Object.<anonymous>.RefreshTokenUseCase.execute
DA:1,1
DA:2,1
DA:3,1
DA:4,1
DA:5,1
DA:6,1
DA:7,1
DA:8,1
DA:9,1
DA:10,1
DA:11,1
DA:12,1
DA:13,1
DA:14,1
DA:15,1
DA:16,1
DA:17,1
DA:18,1
DA:19,1
DA:20,1
DA:21,1
DA:22,3
DA:23,3
DA:24,3
DA:25,3
DA:26,3
DA:27,1
DA:28,3
DA:29,3
DA:30,3
DA:31,3
DA:32,3
DA:33,3
DA:34,3
DA:35,3
DA:36,3
DA:37,3
DA:38,3
DA:39,1
DA:40,1
DA:41,1
DA:42,1
DA:43,3
DA:44,3
DA:45,3
DA:46,3
DA:47,3
DA:48,3
DA:49,3
DA:50,3
DA:51,3
DA:52,3
DA:53,3
DA:54,3
DA:55,3
DA:56,3
DA:57,3
DA:58,3
DA:59,3
DA:60,3
DA:61,3
DA:62,3
DA:63,3
DA:64,3
DA:65,3
DA:66,1
DA:67,1
DA:68,1
LF:68
LH:68
BRDA:20,0,0,1
BRDA:21,1,0,3
BRDA:27,2,0,3
BRDA:38,3,0,1
BRF:4
BRH:4
end_of_record
TN:
SF:src/modules/volunteers/useCases/CreateVolunteerUseCase.ts
FN:14,CreateVolunteerUseCase
FN:19,Object.<anonymous>.CreateVolunteerUseCase.execute
FNF:2
FNH:2
FNDA:1,CreateVolunteerUseCase
FNDA:2,Object.<anonymous>.CreateVolunteerUseCase.execute
DA:1,1
DA:2,1
DA:3,1
DA:4,1
DA:5,1
DA:6,1
DA:7,1
DA:8,1
DA:9,1
DA:10,1
DA:11,1
DA:12,1
DA:13,1
DA:14,1
DA:15,1
DA:16,1
DA:17,1
DA:18,1
DA:19,1
DA:20,2
DA:21,2
DA:22,2
DA:23,2
DA:24,2
DA:25,2
DA:26,2
DA:27,1
DA:28,1
DA:29,1
DA:30,1
DA:31,1
DA:32,1
DA:33,1
DA:34,1
DA:35,2
DA:36,2
DA:37,2
DA:38,1
DA:39,1
DA:40,1
LF:40
LH:40
BRDA:13,0,0,1
BRDA:14,1,0,1
BRDA:19,2,0,2
BRDA:21,3,0,2
BRDA:26,4,0,1
BRF:5
BRH:5
end_of_record
TN:
SF:src/modules/volunteers/useCases/ExecuteCustomQueryUseCase.ts
FN:7,ExecuteCustomQueryUseCase
FN:9,Object.<anonymous>.ExecuteCustomQueryUseCase.execute
FNF:2
FNH:2
FNDA:4,ExecuteCustomQueryUseCase
FNDA:4,Object.<anonymous>.ExecuteCustomQueryUseCase.execute
DA:1,1
DA:2,1
DA:3,1
DA:4,1
DA:5,1
DA:6,1
DA:7,4
DA:8,4
DA:9,4
DA:10,4
DA:11,1
DA:12,1
DA:13,4
DA:14,4
DA:15,4
DA:16,4
DA:17,4
DA:18,1
DA:19,1
DA:20,1
DA:21,2
DA:22,2
DA:23,2
DA:24,4
DA:25,4
DA:26,4
DA:27,4
DA:28,4
DA:29,4
DA:30,4
DA:31,4
DA:32,4
DA:33,4
DA:34,1
DA:35,1
LF:35
LH:35
BRDA:7,0,0,1
BRDA:7,1,0,4
BRDA:9,2,0,4
BRDA:10,3,0,1
BRDA:17,4,0,1
BRDA:21,5,0,2
BRF:6
BRH:6
end_of_record
TN:
SF:src/modules/volunteers/useCases/GenerateCertificateUseCase.ts
FN:18,GenerateCertificateUseCase
FN:29,Object.<anonymous>.GenerateCertificateUseCase.execute
FNF:2
FNH:2
FNDA:2,GenerateCertificateUseCase
FNDA:2,Object.<anonymous>.GenerateCertificateUseCase.execute
DA:1,1
DA:2,1
DA:3,1
DA:4,1
DA:5,1
DA:6,1
DA:7,1
DA:8,1
DA:9,1
DA:10,1
DA:11,1
DA:12,1
DA:13,1
DA:14,1
DA:15,1
DA:16,1
DA:17,1
DA:18,1
DA:19,2
DA:20,2
DA:21,2
DA:22,2
DA:23,2
DA:24,2
DA:25,2
DA:26,2
DA:27,2
DA:28,1
DA:29,1
DA:30,2
DA:31,2
DA:32,2
DA:33,2
DA:34,2
DA:35,2
DA:36,1
DA:37,1
DA:38,1
DA:39,1
DA:40,2
DA:41,2
DA:42,2
DA:43,0
DA:44,0
DA:45,2
DA:46,2
DA:47,2
DA:48,2
DA:49,2
DA:50,2
DA:51,2
DA:52,2
DA:53,2
DA:54,0
DA:55,0
DA:56,2
DA:57,2
DA:58,2
DA:59,2
DA:60,2
DA:61,2
DA:62,2
DA:63,2
DA:64,2
DA:65,2
DA:66,2
DA:67,2
DA:68,2
DA:69,2
DA:70,2
DA:71,2
DA:72,2
DA:73,2
DA:74,2
DA:75,2
DA:76,2
DA:77,2
DA:78,2
DA:79,2
DA:80,2
DA:81,2
DA:82,2
DA:83,2
DA:84,2
DA:85,2
DA:86,2
DA:87,2
DA:88,2
DA:89,2
DA:90,2
DA:91,2
DA:92,2
DA:93,2
DA:94,2
DA:95,2
DA:96,2
DA:97,2
DA:98,2
DA:99,2
DA:100,2
DA:101,2
DA:102,2
DA:103,2
DA:104,2
DA:105,2
DA:106,2
DA:107,2
DA:108,2
DA:109,2
DA:110,2
DA:111,2
DA:112,2
DA:113,2
DA:114,2
DA:115,2
DA:116,2
DA:117,2
DA:118,2
DA:119,2
DA:120,2
DA:121,2
DA:122,2
DA:123,2
DA:124,1
DA:125,1
DA:126,2
DA:127,2
DA:128,1
DA:129,1
DA:130,1
LF:130
LH:126
BRDA:17,0,0,1
BRDA:18,1,0,2
BRDA:29,2,0,2
BRDA:30,3,0,2
BRDA:35,4,0,1
BRDA:42,5,0,0
BRDA:53,6,0,0
BRDA:123,7,0,1
BRDA:124,8,0,1
BRF:9
BRH:7
end_of_record
TN:
SF:src/modules/workshops/useCases/CreateWorkshopUseCase.ts
FN:9,CreateWorkshopUseCase
FN:14,Object.<anonymous>.CreateWorkshopUseCase.execute
FNF:2
FNH:2
FNDA:1,CreateWorkshopUseCase
FNDA:1,Object.<anonymous>.CreateWorkshopUseCase.execute
DA:1,1
DA:2,1
DA:3,1
DA:4,1
DA:5,1
DA:6,1
DA:7,1
DA:8,1
DA:9,1
DA:10,1
DA:11,1
DA:12,1
DA:13,1
DA:14,1
DA:15,1
DA:16,1
DA:17,1
DA:18,1
DA:19,1
DA:20,1
DA:21,1
DA:22,1
DA:23,1
DA:24,1
DA:25,1
DA:26,1
DA:27,1
DA:28,1
DA:29,1
DA:30,1
DA:31,1
LF:31
LH:31
BRDA:8,0,0,1
BRDA:9,1,0,1
BRDA:14,2,0,1
BRDA:20,3,0,1
BRF:4
BRH:4
end_of_record
TN:
SF:src/modules/workshops/useCases/DeleteWorkshopUseCase.ts
FN:7,DeleteWorkshopUseCase
FN:12,Object.<anonymous>.DeleteWorkshopUseCase.execute
FNF:2
FNH:2
FNDA:2,DeleteWorkshopUseCase
FNDA:2,Object.<anonymous>.DeleteWorkshopUseCase.execute
DA:1,1
DA:2,1
DA:3,1
DA:4,1
DA:5,1
DA:6,1
DA:7,1
DA:8,2
DA:9,2
DA:10,2
DA:11,1
DA:12,1
DA:13,2
DA:14,2
DA:15,1
DA:16,1
DA:17,1
LF:17
LH:17
BRDA:6,0,0,1
BRDA:7,1,0,2
BRDA:12,2,0,2
BRF:3
BRH:3
end_of_record
TN:
SF:src/modules/workshops/useCases/ListWorkshopsUseCase.ts
FN:8,ListWorkshopsUseCase
FN:13,Object.<anonymous>.ListWorkshopsUseCase.execute
FNF:2
FNH:2
FNDA:2,ListWorkshopsUseCase
FNDA:2,Object.<anonymous>.ListWorkshopsUseCase.execute
DA:1,1
DA:2,1
DA:3,1
DA:4,1
DA:5,1
DA:6,1
DA:7,1
DA:8,1
DA:9,2
DA:10,2
DA:11,2
DA:12,1
DA:13,1
DA:14,2
DA:15,2
DA:16,2
DA:17,2
DA:18,1
DA:19,1
DA:20,1
LF:20
LH:20
BRDA:7,0,0,1
BRDA:8,1,0,2
BRDA:13,2,0,2
BRF:3
BRH:3
end_of_record
TN:
SF:src/modules/workshops/useCases/UpdateWorkshopUseCase.ts
FN:9,UpdateWorkshopUseCase
FN:14,Object.<anonymous>.UpdateWorkshopUseCase.execute
FNF:2
FNH:2
FNDA:1,UpdateWorkshopUseCase
FNDA:1,Object.<anonymous>.UpdateWorkshopUseCase.execute
DA:1,1
DA:2,1
DA:3,1
DA:4,1
DA:5,1
DA:6,1
DA:7,1
DA:8,1
DA:9,1
DA:10,1
DA:11,1
DA:12,1
DA:13,1
DA:14,1
DA:15,1
DA:16,1
DA:17,1
DA:18,1
DA:19,1
DA:20,1
DA:21,1
DA:22,1
DA:23,1
DA:24,1
DA:25,1
DA:26,1
DA:27,1
DA:28,1
DA:29,1
DA:30,1
DA:31,1
DA:32,1
DA:33,1
LF:33
LH:33
BRDA:8,0,0,1
BRDA:9,1,0,1
BRDA:14,2,0,1
BRF:3
BRH:3
end_of_record
